<?xml version="1.0" encoding="UTF-8"?>
<testng-results ignored="0" total="1" passed="1" failed="0" skipped="0">
  <reporter-output>
  </reporter-output>
  <suite started-at="2025-08-08T11:13:28 IST" name="Surefire suite" finished-at="2025-08-08T11:13:35 IST" duration-ms="6824">
    <groups>
    </groups>
    <test started-at="2025-08-08T11:13:28 IST" name="Surefire test" finished-at="2025-08-08T11:13:35 IST" duration-ms="6824">
      <class name="com.selenium.demo.GoogleTest">
        <test-method is-config="true" signature="setUp()[pri:0, instance:com.selenium.demo.GoogleTest@4313f5bc]" started-at="2025-08-08T11:13:28 IST" name="setUp" finished-at="2025-08-08T11:13:31 IST" duration-ms="2716" status="PASS">
          <reporter-output>
          </reporter-output>
        </test-method> <!-- setUp -->
        <test-method signature="openGoogleHomePage()[pri:0, instance:com.selenium.demo.GoogleTest@4313f5bc]" started-at="2025-08-08T11:13:31 IST" name="openGoogleHomePage" finished-at="2025-08-08T11:13:34 IST" duration-ms="3595" status="PASS">
          <reporter-output>
          </reporter-output>
        </test-method> <!-- openGoogleHomePage -->
        <test-method is-config="true" signature="tearDown()[pri:0, instance:com.selenium.demo.GoogleTest@4313f5bc]" started-at="2025-08-08T11:13:34 IST" name="tearDown" finished-at="2025-08-08T11:13:35 IST" duration-ms="446" status="PASS">
          <reporter-output>
          </reporter-output>
        </test-method> <!-- tearDown -->
      </class> <!-- com.selenium.demo.GoogleTest -->
    </test> <!-- Surefire test -->
  </suite> <!-- Surefire suite -->
</testng-results>
